relation_num=2690
entity_num=14951
n=100 rate=0.001
margin= 1margin_rel=1
eval:0 588162
eval:1 181665
eval:2 134371
eval:3 76964.5
eval:4 41922.3
eval:5 36835.6
eval:6 33370.9
eval:7 31464.8
eval:8 28808.4
eval:9 26803.8
eval:10 25520.6
eval:11 24296.7
eval:12 23007.1
eval:13 21921
eval:14 21122.3
eval:15 20228
eval:16 19523.9
eval:17 18731.5
eval:18 18090.9
eval:19 17819.8
eval:20 17070.4
eval:21 16643.7
eval:22 16066.2
eval:23 15800.1
eval:24 15396.9
eval:25 14989.1
eval:26 14510.8
eval:27 14232
eval:28 13982.3
eval:29 13481.1
eval:30 13126.3
eval:31 12991
eval:32 12991.3
eval:33 12493.4
eval:34 12413.6
eval:35 12132.6
eval:36 11907.9
eval:37 11625.3
eval:38 11730
eval:39 11416.3
eval:40 11189.2
eval:41 11016.5
eval:42 10690.1
eval:43 10751.2
eval:44 10705.4
eval:45 10337.7
eval:46 10131.6
eval:47 10084
eval:48 9915.72
eval:49 9688.81
eval:50 9899.33
eval:51 9608.36
eval:52 9467.97
eval:53 9350.27
eval:54 9267.6
eval:55 9062.59
eval:56 9012.67
eval:57 9073.82
eval:58 8784.69
eval:59 8758.57
eval:60 8575.94
eval:61 8610.61
eval:62 8396.29
eval:63 8435.96
eval:64 8226.41
eval:65 8071.28
eval:66 8131.55
eval:67 8114.19
eval:68 7959.75
eval:69 7875.48
eval:70 7813.93
eval:71 7797.85
eval:72 7719.81
eval:73 7540.48
eval:74 7745.45
eval:75 7536.14
eval:76 7539.16
eval:77 7382.29
eval:78 7253.54
eval:79 7221.92
eval:80 7238.61
eval:81 7176.64
eval:82 7250.75
eval:83 7107.13
eval:84 6991.74
eval:85 6975.05
eval:86 7054.6
eval:87 6929.92
eval:88 6847.36
eval:89 6841.88
eval:90 6709.37
eval:91 6693.37
eval:92 6672.13
eval:93 6570.93
eval:94 6606.11
eval:95 6534
eval:96 6576.83
eval:97 6442.29
eval:98 6380.65
eval:99 6350.97
eval:100 6241.91
eval:101 6164.44
eval:102 6231.95
eval:103 6139.05
eval:104 6134.57
eval:105 6149.12
eval:106 6102.17
eval:107 6052.13
eval:108 6012.03
eval:109 5982.6
eval:110 5846.34
eval:111 6097.61
eval:112 5914.14
eval:113 5835.75
eval:114 5742.78
eval:115 5879.03
eval:116 5629.63
eval:117 5757.29
eval:118 5596.9
eval:119 5687.95
eval:120 5608.26
eval:121 5520.58
eval:122 5688.73
eval:123 5613.9
eval:124 5499.95
eval:125 5513.5
eval:126 5660.05
eval:127 5493.06
eval:128 5428.6
eval:129 5525.65
eval:130 5309.8
eval:131 5343.84
eval:132 5265.97
eval:133 5288.93
eval:134 5338.65
eval:135 5279.19
eval:136 5250.62
eval:137 5286.2
eval:138 5236.54
eval:139 5122.42
eval:140 5097.45
eval:141 5026.17
eval:142 5198.51
eval:143 5027.08
eval:144 5061.06
eval:145 5097.81
eval:146 5018.03
eval:147 5041.46
eval:148 5015.26
eval:149 5078.89
eval:150 4909.2
eval:151 4862.03
eval:152 4852.1
eval:153 4947.16
eval:154 4822.88
eval:155 4848.6
eval:156 4769.17
eval:157 4752.79
eval:158 4729.36
eval:159 4780.32
eval:160 4781.68
eval:161 4681.21
eval:162 4738.88
eval:163 4727.3
eval:164 4781.76
eval:165 4760.84
eval:166 4640.44
eval:167 4686.85
eval:168 4584.67
eval:169 4670.14
eval:170 4653.75
eval:171 4559.47
eval:172 4638.18
eval:173 4582.27
eval:174 4543.06
eval:175 4551.26
eval:176 4475.46
eval:177 4478.42
eval:178 4439.32
eval:179 4397.83
eval:180 4479.49
eval:181 4436.03
eval:182 4403.1
eval:183 4462.87
eval:184 4326.99
eval:185 4338.69
eval:186 4373.13
eval:187 4289.91
eval:188 4288.91
eval:189 4312.5
eval:190 4268.19
eval:191 4303.07
eval:192 4171.15
eval:193 4337.42
eval:194 4288.49
eval:195 4216.7
eval:196 4243.27
eval:197 4248.17
eval:198 4171.05
eval:199 4200.53
eval:200 4223
eval:201 4208.82
eval:202 4296.63
eval:203 4207.41
eval:204 4246.95
eval:205 4111.89
eval:206 4037.68
eval:207 4148.95
eval:208 4166.78
eval:209 4138.59
eval:210 4026.42
eval:211 3994.45
eval:212 3995.96
eval:213 4022.59
eval:214 3985.02
eval:215 4056.86
eval:216 4012.74
eval:217 4065.67
eval:218 4052.96
eval:219 4034.23
eval:220 3922.17
eval:221 4053.12
eval:222 3831.1
eval:223 3904.94
eval:224 3843.94
eval:225 3920.22
eval:226 3920.85
eval:227 3878.27
eval:228 3822.79
eval:229 3877.49
eval:230 3962.45
eval:231 3811.77
eval:232 3777.49
eval:233 3754.49
eval:234 3820.89
eval:235 3901.63
eval:236 3773.34
eval:237 3823.54
eval:238 3816.99
eval:239 3780.98
eval:240 3715.3
eval:241 3774.64
eval:242 3771.18
eval:243 3711.52
eval:244 3652.97
eval:245 3643.91
eval:246 3764.88
eval:247 3650.34
eval:248 3640.99
eval:249 3763.03
eval:250 3623.62
eval:251 3666.66
eval:252 3639.66
eval:253 3661.02
eval:254 3632.27
eval:255 3656.78
eval:256 3686.86
eval:257 3632.04
eval:258 3593.35
eval:259 3464.56
eval:260 3602.56
eval:261 3692.18
eval:262 3594.87
eval:263 3506.82
eval:264 3547.18
eval:265 3567.99
eval:266 3479.38
eval:267 3557.93
eval:268 3492.31
eval:269 3568.76
eval:270 3503.54
eval:271 3485.76
eval:272 3533.95
eval:273 3507.95
eval:274 3531.41
eval:275 3508.14
eval:276 3551.97
eval:277 3541.31
eval:278 3552.04
eval:279 3519.57
eval:280 3464.94
eval:281 3415.63
eval:282 3316.49
eval:283 3420.19
eval:284 3396.21
eval:285 3355.47
eval:286 3299.79
